cstacks parameters selected:
  Database/Batch ID: 1
  Loci matched based on sequence identity.
  Number of mismatches allowed between stacks: 6
  Gapped alignments: disabled
Constructing catalog from 12 samples.

Initializing new catalog...
  Parsing tmp_out/Assembly_out/stacks/fishsim-1.tags.tsv.gz
  Parsing tmp_out/Assembly_out/stacks/fishsim-1.snps.tsv.gz
  Parsing tmp_out/Assembly_out/stacks/fishsim-1.alleles.tsv.gz
  485 loci were newly added to the catalog.

Processing sample tmp_out/Assembly_out/stacks/fishsim-10 [2 of 12]
  Parsing tmp_out/Assembly_out/stacks/fishsim-10.tags.tsv.gz
  Parsing tmp_out/Assembly_out/stacks/fishsim-10.snps.tsv.gz
  Parsing tmp_out/Assembly_out/stacks/fishsim-10.alleles.tsv.gz
Searching for sequence matches...
  Distance allowed between stacks: 6; searching with a k-mer length of 17 (109 k-mers per read); 7 k-mer hits required.
  485 loci in the catalog, 60823 kmers in the catalog hash.
Merging matches into catalog...
  452 loci were matched to a catalog locus.
  0 loci were matched to a catalog locus using gapped alignments.
  28 loci were newly added to the catalog.
  7 loci matched more than one catalog locus and were excluded.

Processing sample tmp_out/Assembly_out/stacks/fishsim-11 [3 of 12]
  Parsing tmp_out/Assembly_out/stacks/fishsim-11.tags.tsv.gz
  Parsing tmp_out/Assembly_out/stacks/fishsim-11.snps.tsv.gz
  Parsing tmp_out/Assembly_out/stacks/fishsim-11.alleles.tsv.gz
Searching for sequence matches...
  Distance allowed between stacks: 6; searching with a k-mer length of 17 (109 k-mers per read); 7 k-mer hits required.
  513 loci in the catalog, 80092 kmers in the catalog hash.
Merging matches into catalog...
  482 loci were matched to a catalog locus.
  0 loci were matched to a catalog locus using gapped alignments.
  5 loci were newly added to the catalog.
  15 loci matched more than one catalog locus and were excluded.

Processing sample tmp_out/Assembly_out/stacks/fishsim-12 [4 of 12]
  Parsing tmp_out/Assembly_out/stacks/fishsim-12.tags.tsv.gz
  Parsing tmp_out/Assembly_out/stacks/fishsim-12.snps.tsv.gz
  Parsing tmp_out/Assembly_out/stacks/fishsim-12.alleles.tsv.gz
Searching for sequence matches...
  Distance allowed between stacks: 6; searching with a k-mer length of 17 (109 k-mers per read); 7 k-mer hits required.
  518 loci in the catalog, 95830 kmers in the catalog hash.
Merging matches into catalog...
  485 loci were matched to a catalog locus.
  0 loci were matched to a catalog locus using gapped alignments.
  1 loci were newly added to the catalog.
  10 loci matched more than one catalog locus and were excluded.

Processing sample tmp_out/Assembly_out/stacks/fishsim-2 [5 of 12]
  Parsing tmp_out/Assembly_out/stacks/fishsim-2.tags.tsv.gz
  Parsing tmp_out/Assembly_out/stacks/fishsim-2.snps.tsv.gz
  Parsing tmp_out/Assembly_out/stacks/fishsim-2.alleles.tsv.gz
Searching for sequence matches...
  Distance allowed between stacks: 6; searching with a k-mer length of 17 (109 k-mers per read); 7 k-mer hits required.
  519 loci in the catalog, 111698 kmers in the catalog hash.
Merging matches into catalog...
  483 loci were matched to a catalog locus.
  0 loci were matched to a catalog locus using gapped alignments.
  1 loci were newly added to the catalog.
  9 loci matched more than one catalog locus and were excluded.

Processing sample tmp_out/Assembly_out/stacks/fishsim-3 [6 of 12]
  Parsing tmp_out/Assembly_out/stacks/fishsim-3.tags.tsv.gz
  Parsing tmp_out/Assembly_out/stacks/fishsim-3.snps.tsv.gz
  Parsing tmp_out/Assembly_out/stacks/fishsim-3.alleles.tsv.gz
Searching for sequence matches...
  Distance allowed between stacks: 6; searching with a k-mer length of 17 (109 k-mers per read); 7 k-mer hits required.
  520 loci in the catalog, 126538 kmers in the catalog hash.
Merging matches into catalog...
  475 loci were matched to a catalog locus.
  0 loci were matched to a catalog locus using gapped alignments.
  1 loci were newly added to the catalog.
  14 loci matched more than one catalog locus and were excluded.

Processing sample tmp_out/Assembly_out/stacks/fishsim-4 [7 of 12]
  Parsing tmp_out/Assembly_out/stacks/fishsim-4.tags.tsv.gz
  Parsing tmp_out/Assembly_out/stacks/fishsim-4.snps.tsv.gz
  Parsing tmp_out/Assembly_out/stacks/fishsim-4.alleles.tsv.gz
Searching for sequence matches...
  Distance allowed between stacks: 6; searching with a k-mer length of 17 (109 k-mers per read); 7 k-mer hits required.
  521 loci in the catalog, 142099 kmers in the catalog hash.
Merging matches into catalog...
  476 loci were matched to a catalog locus.
  0 loci were matched to a catalog locus using gapped alignments.
  1 loci were newly added to the catalog.
  9 loci matched more than one catalog locus and were excluded.

Processing sample tmp_out/Assembly_out/stacks/fishsim-5 [8 of 12]
  Parsing tmp_out/Assembly_out/stacks/fishsim-5.tags.tsv.gz
  Parsing tmp_out/Assembly_out/stacks/fishsim-5.snps.tsv.gz
  Parsing tmp_out/Assembly_out/stacks/fishsim-5.alleles.tsv.gz
Searching for sequence matches...
  Distance allowed between stacks: 6; searching with a k-mer length of 17 (109 k-mers per read); 7 k-mer hits required.
  522 loci in the catalog, 157751 kmers in the catalog hash.
Merging matches into catalog...
  469 loci were matched to a catalog locus.
  0 loci were matched to a catalog locus using gapped alignments.
  1 loci were newly added to the catalog.
  5 loci matched more than one catalog locus and were excluded.

Processing sample tmp_out/Assembly_out/stacks/fishsim-6 [9 of 12]
  Parsing tmp_out/Assembly_out/stacks/fishsim-6.tags.tsv.gz
  Parsing tmp_out/Assembly_out/stacks/fishsim-6.snps.tsv.gz
  Parsing tmp_out/Assembly_out/stacks/fishsim-6.alleles.tsv.gz
Searching for sequence matches...
  Distance allowed between stacks: 6; searching with a k-mer length of 17 (109 k-mers per read); 7 k-mer hits required.
  523 loci in the catalog, 172747 kmers in the catalog hash.
Merging matches into catalog...
  479 loci were matched to a catalog locus.
  0 loci were matched to a catalog locus using gapped alignments.
  0 loci were newly added to the catalog.
  9 loci matched more than one catalog locus and were excluded.

Processing sample tmp_out/Assembly_out/stacks/fishsim-7 [10 of 12]
  Parsing tmp_out/Assembly_out/stacks/fishsim-7.tags.tsv.gz
  Parsing tmp_out/Assembly_out/stacks/fishsim-7.snps.tsv.gz
  Parsing tmp_out/Assembly_out/stacks/fishsim-7.alleles.tsv.gz
Searching for sequence matches...
  Distance allowed between stacks: 6; searching with a k-mer length of 17 (109 k-mers per read); 7 k-mer hits required.
  523 loci in the catalog, 187889 kmers in the catalog hash.
Merging matches into catalog...
  493 loci were matched to a catalog locus.
  0 loci were matched to a catalog locus using gapped alignments.
  0 loci were newly added to the catalog.
  7 loci matched more than one catalog locus and were excluded.

Processing sample tmp_out/Assembly_out/stacks/fishsim-8 [11 of 12]
  Parsing tmp_out/Assembly_out/stacks/fishsim-8.tags.tsv.gz
  Parsing tmp_out/Assembly_out/stacks/fishsim-8.snps.tsv.gz
  Parsing tmp_out/Assembly_out/stacks/fishsim-8.alleles.tsv.gz
Searching for sequence matches...
  Distance allowed between stacks: 6; searching with a k-mer length of 17 (109 k-mers per read); 7 k-mer hits required.
  523 loci in the catalog, 202687 kmers in the catalog hash.
Merging matches into catalog...
  477 loci were matched to a catalog locus.
  0 loci were matched to a catalog locus using gapped alignments.
  0 loci were newly added to the catalog.
  13 loci matched more than one catalog locus and were excluded.

Processing sample tmp_out/Assembly_out/stacks/fishsim-9 [12 of 12]
  Parsing tmp_out/Assembly_out/stacks/fishsim-9.tags.tsv.gz
  Parsing tmp_out/Assembly_out/stacks/fishsim-9.snps.tsv.gz
  Parsing tmp_out/Assembly_out/stacks/fishsim-9.alleles.tsv.gz
Searching for sequence matches...
  Distance allowed between stacks: 6; searching with a k-mer length of 17 (109 k-mers per read); 7 k-mer hits required.
  523 loci in the catalog, 217728 kmers in the catalog hash.
Merging matches into catalog...
  475 loci were matched to a catalog locus.
  0 loci were matched to a catalog locus using gapped alignments.
  0 loci were newly added to the catalog.
  10 loci matched more than one catalog locus and were excluded.

Writing catalog in directory 'tmp_out/Assembly_out/stacks/'.
cstacks is done.
