# The catalog loci listed below have more than a single match from one or more individuals, indicating undermerged or repetitive loci.
# CatalogLocus <tab> Sample1:Locus1,Locus2;Sample2:Locus1,Locus2
1481	fishsim-2:1189,1193;
882	fishsim-3:1286,1280,1278,1300;
454	fishsim-2:947,946;
634	fishsim-2:424,425,423,426,422; fishsim-3:1085,1086,1087;
211	fishsim-3:80,77;
706	fishsim-2:664,630; fishsim-3:1233,1257;
834	fishsim-2:642,670,671; fishsim-3:1224,1202;
234	fishsim-2:1532,1534; fishsim-3:986,987;
98	fishsim-2:219,220;
1396	fishsim-2:1744,1745,1738,1743;
1168	fishsim-2:1190,1194; fishsim-3:1147,1144,1150,1145;
430	fishsim-3:837,263;
1315	fishsim-3:860,859;
189	fishsim-2:1263,1254; fishsim-3:57,45;
221	fishsim-3:78,65;
1424	fishsim-3:1414,1415;
1554	fishsim-2:1443,1802;
1530	fishsim-3:26,16;
381	fishsim-3:802,801;
906	fishsim-2:773,760; fishsim-3:1318,1303;
177	fishsim-3:10,11;
1517	fishsim-2:1607,1594;
773	fishsim-2:685,681;
975	fishsim-3:1499,1498;
796	fishsim-2:730,720;
1390	fishsim-2:1736,1732,1740;
1499	fishsim-2:1605,1590;
888	fishsim-2:754,755;
1161	fishsim-2:1183,1182;
932	fishsim-2:1432,1231;
1525	fishsim-2:1596,1585; fishsim-3:25,13;
137	fishsim-2:1464,933;
666	fishsim-3:489,486;
860	fishsim-3:1265,1248;
1327	fishsim-3:870,868,871;
710	fishsim-2:665,634; fishsim-3:1269,1237,1228,1212;
856	fishsim-2:627,629,616; fishsim-3:1216,1229;
191	fishsim-2:1277,1284; fishsim-3:67,51;
187	fishsim-2:1257,1268;
212	fishsim-3:73,60;
1087	fishsim-2:1614,1611;
1338	fishsim-3:945,1504;
1511	fishsim-2:1600,1588;
1510	fishsim-2:1612,1603;
360	fishsim-3:300,299;
1508	fishsim-3:39,33;
353	fishsim-2:428,427;
1724	fishsim-3:914,915,913;
250	fishsim-2:472,471;
1313	fishsim-2:1801,1799;
1397	fishsim-3:100,101;
1698	fishsim-2:1706,1707;
89	fishsim-2:1653,451;
988	fishsim-2:991,1300;
1454	fishsim-3:513,511;
1421	fishsim-2:1763,1757; fishsim-3:1413,1412;
865	fishsim-3:1253,1267;
1318	fishsim-2:1800,1798;
886	fishsim-2:748,747;
1329	fishsim-2:226,225; fishsim-3:872,874;
198	fishsim-2:1273,1260; fishsim-3:64,76;
913	fishsim-2:771,758; fishsim-3:1314,1294;
858	fishsim-3:1260,1268;
1671	fishsim-2:1717,1721;
830	fishsim-2:633,617; fishsim-3:1256,1231,1255;
154	fishsim-2:1557,410;
479	fishsim-2:1057,1056; fishsim-3:1608,1609,1610;
1166	fishsim-2:1187,1191; fishsim-3:1143,1142;
704	fishsim-3:621,622;
1165	fishsim-3:1146,1149;
698	fishsim-2:1829,1830; fishsim-3:1679,1677;
890	fishsim-2:769,756; fishsim-3:1319,1304;
1311	fishsim-3:856,857;
1394	fishsim-2:1739,1746; fishsim-3:97,99;
1504	fishsim-2:1601,1589; fishsim-3:21,34;
122	fishsim-2:659,625; fishsim-3:1235,1258;
269	fishsim-2:1012,155;
997	fishsim-2:1122,994;
892	fishsim-3:1302,1317;
1632	fishsim-2:209,210,211;
1150	fishsim-2:1209,1206; fishsim-3:357,359;
1096	fishsim-3:283,284;
908	fishsim-2:767,753; fishsim-3:1315,1301,1296;
771	fishsim-2:691,683,694; fishsim-3:124,118,114,112,117,111,120,116,132;
401	fishsim-2:1207,1204;
845	fishsim-2:623,657; fishsim-3:1225,1206;
186	fishsim-2:1269,1258;
1142	fishsim-2:1080,1081,1079; fishsim-3:597,596,598;
1456	fishsim-2:906,905; fishsim-3:1174,1175;
702	fishsim-2:843,844,842;
455	fishsim-3:974,975;
80	fishsim-3:958,275;
1094	fishsim-2:876,872,875,873,874; fishsim-3:287,286;
1640	fishsim-2:381,382; fishsim-3:514,512;
66	fishsim-3:259,676;
1226	fishsim-3:789,1162;
1070	fishsim-3:142,141,129;
390	fishsim-3:1455,602;
1686	fishsim-3:919,923;
1042	fishsim-3:62,75;
196	fishsim-2:1278,1270;
206	fishsim-2:1281,1272; fishsim-3:79,66;
805	fishsim-2:701,714; fishsim-3:148,146;
194	fishsim-2:1276,1264; fishsim-3:58,72;
846	fishsim-2:660,663,626,662,661; fishsim-3:1226,1227,1209,1211,1205;
15	fishsim-3:593,592;
382	fishsim-3:40,37;
1448	fishsim-3:886,887;
548	fishsim-2:1716,1720; fishsim-3:442,439;
1152	fishsim-2:1205,1208; fishsim-3:358,355;
789	fishsim-2:710,696; fishsim-3:140,128;
1692	fishsim-2:1712,1714; fishsim-3:440,435;
1445	fishsim-2:1784,1785;
509	fishsim-3:516,515;
113	fishsim-2:1461,1459; fishsim-3:909,908;
901	fishsim-2:757,770; fishsim-3:1322,1307;
452	fishsim-2:1192,1188;
1419	fishsim-3:1420,1418;
100	fishsim-2:217,216,218,215;
914	fishsim-2:778,768; fishsim-3:1305,1320;
1439	fishsim-2:1778,1777;
1395	fishsim-2:1742,1735;
813	fishsim-2:715,716,704; fishsim-3:1803,152,1804,149,151,1806,150;
816	fishsim-2:731,734; fishsim-3:1802,1800;
791	fishsim-3:125,139;
200	fishsim-3:74,61;
525	fishsim-3:1795,1794;
1621	fishsim-2:198,199;
787	fishsim-2:711,697; fishsim-3:110,109;
1507	fishsim-2:1592,1583;
346	fishsim-2:1615,1617,1616; fishsim-3:1039,1038,1037;
1295	fishsim-2:1372,1371,1369,1370; fishsim-3:1824,1826;
895	fishsim-2:759,772; fishsim-3:1316,1299;
1420	fishsim-3:1410,1411;
251	fishsim-3:777,775;
956	fishsim-2:214,1418;
1330	fishsim-2:233,231;
887	fishsim-2:775,764; fishsim-3:1290,1312;
1108	fishsim-2:163,1682;
843	fishsim-2:653,652,620; fishsim-3:1213,1198,1214,1215;
610	fishsim-3:296,307;
1299	fishsim-2:1374,1378,1377; fishsim-3:1825,1821;
1663	fishsim-3:1727,1728;
1326	fishsim-2:230,229;
192	fishsim-3:70,53;
1693	fishsim-2:1709,1713;
511	fishsim-2:1089,1088; fishsim-3:304,305;
374	fishsim-2:1181,1180;
1328	fishsim-2:228,232; fishsim-3:869,873;
1091	fishsim-3:586,228;
1780	fishsim-3:1181,1183;
957	fishsim-2:1806,1807;
1503	fishsim-2:1582,1580; fishsim-3:32,19;
1513	fishsim-2:1610,1602;
855	fishsim-2:621,654,655; fishsim-3:1236,1219;
195	fishsim-3:52,69;
831	fishsim-2:639,645;
880	fishsim-2:742,740; fishsim-3:1279,1277;
786	fishsim-2:695,709;
820	fishsim-2:728,717; fishsim-3:1813,1807;
750	fishsim-2:852,851;
1126	fishsim-3:654,651;
910	fishsim-2:763,762;
593	fishsim-2:145,141;
770	fishsim-2:698,684;
188	fishsim-2:1261,1253; fishsim-3:63,47;
896	fishsim-3:1295,1293;
1464	fishsim-2:1604,1613;
497	fishsim-2:370,369;
183	fishsim-2:1252,1251,1333; fishsim-3:54,43;
411	fishsim-2:1158,1518;
785	fishsim-2:725,733;
1235	fishsim-3:1357,791;
190	fishsim-2:1256,1266;
779	fishsim-3:145,147;
697	fishsim-2:470,469; fishsim-3:776,778;
857	fishsim-3:1199,1217;
81	fishsim-2:316,184;
1652	fishsim-2:1681,1680;
885	fishsim-3:1308,1282;
1709	fishsim-3:1678,1676;
863	fishsim-3:1263,1264;
721	fishsim-2:238,237,239; fishsim-3:1353,1355;
989	fishsim-3:770,769,768;
1192	fishsim-2:1039,1040,1041;
938	fishsim-3:155,154;
1527	fishsim-2:1609,1598; fishsim-3:23,35;
1124	fishsim-2:1494,1493; fishsim-3:1763,1765,1764;
318	fishsim-2:200,201;
164	fishsim-3:1342,1508;
1691	fishsim-2:1718,1715; fishsim-3:441,438;
